c:\users\quant\documents\rftesttool3-----csv\qcc5121\utility\asecl_jlink\debug\asecl_jlink.lib
c:\users\quant\documents\rftesttool3-----csv\qcc5121\utility\asecl_jlink\debug\asecl_jlink.exp
c:\users\quant\documents\rftesttool3-----csv\qcc5121\utility\asecl_jlink\asecl_jlink\debug\asecl_jlink.pch
c:\users\quant\documents\rftesttool3-----csv\qcc5121\utility\asecl_jlink\asecl_jlink\debug\vc142.pdb
c:\users\quant\documents\rftesttool3-----csv\qcc5121\utility\asecl_jlink\asecl_jlink\debug\vc142.idb
c:\users\quant\documents\rftesttool3-----csv\qcc5121\utility\asecl_jlink\asecl_jlink\debug\pch.obj
c:\users\quant\documents\rftesttool3-----csv\qcc5121\utility\asecl_jlink\asecl_jlink\debug\main.obj
c:\users\quant\documents\rftesttool3-----csv\qcc5121\utility\asecl_jlink\asecl_jlink\debug\dllmain.obj
c:\users\quant\documents\rftesttool3-----csv\qcc5121\utility\asecl_jlink\asecl_jlink\debug\asecl_jlink.ilk
c:\users\quant\documents\rftesttool3-----csv\qcc5121\utility\asecl_jlink\debug\asecl_jlink.dll
c:\users\quant\documents\rftesttool3-----csv\qcc5121\utility\asecl_jlink\debug\asecl_jlink.pdb
c:\users\quant\documents\asecl_jlink\asecl_jlink\debug\dllmain.obj
c:\users\quant\documents\asecl_jlink\asecl_jlink\debug\main.obj
c:\users\quant\documents\asecl_jlink\asecl_jlink\debug\pch.obj
c:\users\quant\documents\asecl_jlink\asecl_jlink\debug\asecl_jlink.ilk
c:\users\quant\documents\asecl_jlink\asecl_jlink\debug\asecl_jlink.pch
c:\users\quant\documents\asecl_jlink\asecl_jlink\debug\vc142.idb
c:\users\quant\documents\asecl_jlink\asecl_jlink\debug\vc142.pdb
c:\users\quant\documents\asecl_jlink\debug\asecl_jlink.pdb
c:\users\quant\documents\asecl_jlink\debug\asecl_jlink.dll
c:\users\quant\documents\asecl_jlink\asecl_jlink\debug\asecl_jlink.tlog\asecl_jlink.write.1u.tlog
c:\users\quant\documents\asecl_jlink\asecl_jlink\debug\asecl_jlink.tlog\cl.command.1.tlog
c:\users\quant\documents\asecl_jlink\asecl_jlink\debug\asecl_jlink.tlog\cl.read.1.tlog
c:\users\quant\documents\asecl_jlink\asecl_jlink\debug\asecl_jlink.tlog\cl.write.1.tlog
c:\users\quant\documents\asecl_jlink\asecl_jlink\debug\asecl_jlink.tlog\link.command.1.tlog
c:\users\quant\documents\asecl_jlink\asecl_jlink\debug\asecl_jlink.tlog\link.read.1.tlog
c:\users\quant\documents\asecl_jlink\asecl_jlink\debug\asecl_jlink.tlog\link.write.1.tlog
