d:\work\git\rfinstrumentcsharp\qcc5121\utility\serialport\serialport\debug\serialport.pch
d:\work\git\rfinstrumentcsharp\qcc5121\utility\serialport\serialport\debug\vc142.pdb
d:\work\git\rfinstrumentcsharp\qcc5121\utility\serialport\serialport\debug\vc142.idb
d:\work\git\rfinstrumentcsharp\qcc5121\utility\serialport\serialport\debug\pch.obj
d:\work\git\rfinstrumentcsharp\qcc5121\utility\serialport\serialport\debug\stringserialport.obj
d:\work\git\rfinstrumentcsharp\qcc5121\utility\serialport\serialport\debug\multiserialport.obj
d:\work\git\rfinstrumentcsharp\qcc5121\utility\serialport\serialport\debug\main.obj
d:\work\git\rfinstrumentcsharp\qcc5121\utility\serialport\serialport\debug\dllmain.obj
d:\work\git\rfinstrumentcsharp\qcc5121\utility\serialport\serialport\debug\binaryserialport.obj
d:\work\git\rfinstrumentcsharp\qcc5121\utility\serialport\serialport\debug\serialport.ilk
d:\work\git\rfinstrumentcsharp\qcc5121\utility\serialport\debug\serialport.dll
d:\work\git\rfinstrumentcsharp\qcc5121\utility\serialport\debug\serialport.pdb
d:\work\git\rfinstrumentcsharp\qcc5121\utility\serialport\debug\serialport.lib
d:\work\git\rfinstrumentcsharp\qcc5121\utility\serialport\debug\serialport.exp
d:\work\git\rfinstrumentcsharp\qcc5121\utility\serialport\serialport\debug\serialport.tlog\cl.command.1.tlog
d:\work\git\rfinstrumentcsharp\qcc5121\utility\serialport\serialport\debug\serialport.tlog\cl.read.1.tlog
d:\work\git\rfinstrumentcsharp\qcc5121\utility\serialport\serialport\debug\serialport.tlog\cl.write.1.tlog
d:\work\git\rfinstrumentcsharp\qcc5121\utility\serialport\serialport\debug\serialport.tlog\link.command.1.tlog
d:\work\git\rfinstrumentcsharp\qcc5121\utility\serialport\serialport\debug\serialport.tlog\link.read.1.tlog
d:\work\git\rfinstrumentcsharp\qcc5121\utility\serialport\serialport\debug\serialport.tlog\link.write.1.tlog
d:\work\git\rfinstrumentcsharp\qcc5121\utility\serialport\serialport\debug\serialport.tlog\serialport.write.1u.tlog
