c:\users\chenp\code\rftool\20220826\rfinstrumentcsharp\qcc5121\utility\serialport\serialport\release\serialport.pch
c:\users\chenp\code\rftool\20220826\rfinstrumentcsharp\qcc5121\utility\serialport\serialport\release\vc142.pdb
c:\users\chenp\code\rftool\20220826\rfinstrumentcsharp\qcc5121\utility\serialport\serialport\release\pch.obj
c:\users\chenp\code\rftool\20220826\rfinstrumentcsharp\qcc5121\utility\serialport\serialport\release\stringserialport.obj
c:\users\chenp\code\rftool\20220826\rfinstrumentcsharp\qcc5121\utility\serialport\serialport\release\multiserialport.obj
c:\users\chenp\code\rftool\20220826\rfinstrumentcsharp\qcc5121\utility\serialport\serialport\release\main.obj
c:\users\chenp\code\rftool\20220826\rfinstrumentcsharp\qcc5121\utility\serialport\serialport\release\dllmain.obj
c:\users\chenp\code\rftool\20220826\rfinstrumentcsharp\qcc5121\utility\serialport\serialport\release\binaryserialport.obj
c:\users\chenp\code\rftool\20220826\rfinstrumentcsharp\qcc5121\utility\serialport\release\serialport.dll
c:\users\chenp\code\rftool\20220826\rfinstrumentcsharp\qcc5121\utility\serialport\serialport\release\serialport.ipdb
c:\users\chenp\code\rftool\20220826\rfinstrumentcsharp\qcc5121\utility\serialport\serialport\release\serialport.iobj
c:\users\chenp\code\rftool\20220826\rfinstrumentcsharp\qcc5121\utility\serialport\release\serialport.pdb
c:\users\chenp\code\rftool\20220826\rfinstrumentcsharp\qcc5121\utility\serialport\release\serialport.lib
c:\users\chenp\code\rftool\20220826\rfinstrumentcsharp\qcc5121\utility\serialport\release\serialport.exp
c:\users\chenp\code\rftool\20220826\rfinstrumentcsharp\qcc5121\utility\serialport\serialport\release\serialport.tlog\cl.command.1.tlog
c:\users\chenp\code\rftool\20220826\rfinstrumentcsharp\qcc5121\utility\serialport\serialport\release\serialport.tlog\cl.read.1.tlog
c:\users\chenp\code\rftool\20220826\rfinstrumentcsharp\qcc5121\utility\serialport\serialport\release\serialport.tlog\cl.write.1.tlog
c:\users\chenp\code\rftool\20220826\rfinstrumentcsharp\qcc5121\utility\serialport\serialport\release\serialport.tlog\link.command.1.tlog
c:\users\chenp\code\rftool\20220826\rfinstrumentcsharp\qcc5121\utility\serialport\serialport\release\serialport.tlog\link.read.1.tlog
c:\users\chenp\code\rftool\20220826\rfinstrumentcsharp\qcc5121\utility\serialport\serialport\release\serialport.tlog\link.write.1.tlog
c:\users\chenp\code\rftool\20220826\rfinstrumentcsharp\qcc5121\utility\serialport\serialport\release\serialport.tlog\serialport.write.1u.tlog
